Build started 10/15/2015 1:01:46 喵喵.
     1>Project "D:\[C]Work\GitHub\duilib\GameDemo\GameDemo.vcxproj" on node 2 (Rebuild target(s)).
     1>ClCompile:
         Z:\Microsoft Visual Studio 12.0\VC\bin\CL.exe /c /Zi /nologo /W3 /WX- /Od /Oy- /D WIN32 /D _DEBUG /D _WINDOWS /D _VC80_UPGRADE=0x0600 /D _MBCS /Gm /EHsc /RTC1 /MTd /GS /fp:precise /Zc:wchar_t /Zc:forScope /Yc"stdafx.h" /Fp".\Debug/GameDemo.pch" /Fo".\Debug/" /Fd".\Debug/vc120.pdb" /FR".\Debug\\" /Gd /TP /analyze- /errorReport:prompt StdAfx.cpp
         StdAfx.cpp
         Z:\Microsoft Visual Studio 12.0\VC\bin\CL.exe /c /Zi /nologo /W3 /WX- /Od /Oy- /D WIN32 /D _DEBUG /D _WINDOWS /D _VC80_UPGRADE=0x0600 /D _MBCS /Gm /EHsc /RTC1 /MTd /GS /fp:precise /Zc:wchar_t /Zc:forScope /Yu"stdafx.h" /Fp".\Debug/GameDemo.pch" /Fo".\Debug/" /Fd".\Debug/vc120.pdb" /FR".\Debug\\" /Gd /TP /analyze- /errorReport:prompt GameDemo.cpp
         GameDemo.cpp
         Z:\Microsoft Visual Studio 12.0\VC\bin\CL.exe /c /Zi /nologo /W3 /WX- /Od /Oy- /D WIN32 /D _DEBUG /D _WINDOWS /D _VC80_UPGRADE=0x0600 /D _MBCS /Gm /EHsc /RTC1 /MTd /GS /fp:precise /Zc:wchar_t /Zc:forScope /Fo".\Debug/" /Fd".\Debug/vc120.pdb" /FR".\Debug\\" /Gd /TP /analyze- /errorReport:prompt MiniDumper.cpp
         MiniDumper.cpp
     1>MiniDumper.cpp(104): warning C4996: 'sprintf': This function or variable may be unsafe. Consider using sprintf_s instead. To disable deprecation, use _CRT_SECURE_NO_WARNINGS. See online help for details.
                 Z:\Microsoft Visual Studio 12.0\VC\include\stdio.h(356) : see declaration of 'sprintf'
     1>MiniDumper.cpp(232): warning C4996: 'sprintf': This function or variable may be unsafe. Consider using sprintf_s instead. To disable deprecation, use _CRT_SECURE_NO_WARNINGS. See online help for details.
                 Z:\Microsoft Visual Studio 12.0\VC\include\stdio.h(356) : see declaration of 'sprintf'
     1>MiniDumper.cpp(284): warning C4996: 'sprintf': This function or variable may be unsafe. Consider using sprintf_s instead. To disable deprecation, use _CRT_SECURE_NO_WARNINGS. See online help for details.
                 Z:\Microsoft Visual Studio 12.0\VC\include\stdio.h(356) : see declaration of 'sprintf'
     1>MiniDumper.cpp(296): warning C4996: 'sprintf': This function or variable may be unsafe. Consider using sprintf_s instead. To disable deprecation, use _CRT_SECURE_NO_WARNINGS. See online help for details.
                 Z:\Microsoft Visual Studio 12.0\VC\include\stdio.h(356) : see declaration of 'sprintf'
       ResourceCompile:
         C:\Program Files (x86)\Windows Kits\8.1\bin\x86\rc.exe /D _DEBUG /D _VC80_UPGRADE=0x0600 /l"0x0406" /nologo /fo".\Debug\GameDemo.res" GameDemo.rc 
       Link:
         Z:\Microsoft Visual Studio 12.0\VC\bin\link.exe /ERRORREPORT:PROMPT /OUT:"D:\[C]Work\GitHub\duilib\bin\GameDemo_d.exe" /INCREMENTAL:NO /NOLOGO kernel32.lib user32.lib gdi32.lib winspool.lib comdlg32.lib advapi32.lib shell32.lib ole32.lib oleaut32.lib uuid.lib odbc32.lib odbccp32.lib /MANIFEST /MANIFESTUAC:"level='asInvoker' uiAccess='false'" /manifest:embed /DEBUG /PDB:".\Debug/GameDemo.pdb" /MAP:".\Debug/GameDemo.map" /SUBSYSTEM:WINDOWS /TLBID:1 /DYNAMICBASE /NXCOMPAT /IMPLIB:"D:\[C]Work\GitHub\duilib\bin\GameDemo_d.lib" /MACHINE:X86 /SAFESEH .\Debug\GameDemo.res
         .\Debug/GameDemo.obj
         .\Debug/MiniDumper.obj
         .\Debug/StdAfx.obj
         "D:\[C]Work\GitHub\duilib\lib\DuiLib_d.lib"
         GameDemo.vcxproj -> D:\[C]Work\GitHub\duilib\bin\GameDemo_d.exe
       BscMake:
         Z:\Microsoft Visual Studio 12.0\VC\bin\bscmake.exe /nologo /o".\Debug/GameDemo.bsc" .\Debug\GameDemo.sbr .\Debug\MiniDumper.sbr .\Debug\StdAfx.sbr
     1>Done Building Project "D:\[C]Work\GitHub\duilib\GameDemo\GameDemo.vcxproj" (Rebuild target(s)).

Build succeeded.

Time Elapsed 00:00:09.33
