Build started 10/15/2015 1:01:47 喵喵.
     1>Project "D:\[C]Work\GitHub\duilib\MenuDemo\MenuDemo.vcxproj" on node 8 (Rebuild target(s)).
     1>ClCompile:
         Z:\Microsoft Visual Studio 12.0\VC\bin\CL.exe /c /Zi /nologo /W3 /WX- /Od /Oy- /D WIN32 /D _DEBUG /D _WINDOWS /D _VC80_UPGRADE=0x0600 /D _MBCS /Gm /EHsc /RTC1 /MTd /GS /fp:precise /Zc:wchar_t /Zc:forScope /Fo".\Debug/" /Fd".\Debug/vc120.pdb" /FR".\Debug\\" /Gd /TP /analyze- /errorReport:prompt debug.cpp main.cpp main_frame.cpp StdAfx.cpp UICrack.cpp UIMenu.cpp
         UIMenu.cpp
         UICrack.cpp
         StdAfx.cpp
         main_frame.cpp
         main.cpp
         debug.cpp
     1>debug.cpp(115): warning C4996: 'GetVersionExA': was declared deprecated
                 C:\Program Files (x86)\Windows Kits\8.1\Include\um\sysinfoapi.h(433) : see declaration of 'GetVersionExA'
         Generating Code...
       ResourceCompile:
         C:\Program Files (x86)\Windows Kits\8.1\bin\x86\rc.exe /D _DEBUG /D _VC80_UPGRADE=0x0600 /l"0x0406" /nologo /fo".\Debug\MenuDemo.res" MenuDemo.rc 
       Link:
         Z:\Microsoft Visual Studio 12.0\VC\bin\link.exe /ERRORREPORT:PROMPT /OUT:"D:\[C]Work\GitHub\duilib\bin\MenuDemo_d.exe" /INCREMENTAL:NO /NOLOGO kernel32.lib user32.lib gdi32.lib winspool.lib comdlg32.lib advapi32.lib shell32.lib ole32.lib oleaut32.lib uuid.lib odbc32.lib odbccp32.lib /MANIFEST /MANIFESTUAC:"level='asInvoker' uiAccess='false'" /manifest:embed /DEBUG /PDB:".\Debug/MenuDemo.pdb" /MAP:".\Debug/MenuDemo.map" /SUBSYSTEM:WINDOWS /TLBID:1 /DYNAMICBASE /NXCOMPAT /IMPLIB:"D:\[C]Work\GitHub\duilib\bin\MenuDemo_d.lib" /MACHINE:X86 /SAFESEH .\Debug\MenuDemo.res
         .\Debug/debug.obj
         .\Debug/main.obj
         .\Debug/main_frame.obj
         .\Debug/StdAfx.obj
         .\Debug/UICrack.obj
         .\Debug/UIMenu.obj
         "D:\[C]Work\GitHub\duilib\lib\DuiLib_d.lib"
         MenuDemo.vcxproj -> D:\[C]Work\GitHub\duilib\bin\MenuDemo_d.exe
       BscMake:
         Z:\Microsoft Visual Studio 12.0\VC\bin\bscmake.exe /nologo /o".\Debug/MenuDemo.bsc" .\Debug\debug.sbr .\Debug\main.sbr .\Debug\main_frame.sbr .\Debug\StdAfx.sbr .\Debug\UICrack.sbr .\Debug\UIMenu.sbr
     1>Done Building Project "D:\[C]Work\GitHub\duilib\MenuDemo\MenuDemo.vcxproj" (Rebuild target(s)).

Build succeeded.

Time Elapsed 00:00:11.87
