Build started 10/15/2015 1:01:47 喵喵.
     1>Project "D:\[C]Work\GitHub\duilib\RichListDemo\RichListDemo.vcxproj" on node 9 (Rebuild target(s)).
     1>ClCompile:
         Z:\Microsoft Visual Studio 12.0\VC\bin\CL.exe /c /Zi /nologo /W3 /WX- /Od /Oy- /D WIN32 /D _DEBUG /D _WINDOWS /D _MBCS /Gm /EHsc /RTC1 /MTd /GS /fp:precise /Zc:wchar_t /Zc:forScope /Yc"stdafx.h" /Fp"Debug\RichListDemo_d.pch" /Fo"Debug\\" /Fd"Debug\vc120.pdb" /Gd /TP /analyze- /errorReport:prompt stdafx.cpp
         stdafx.cpp
         Z:\Microsoft Visual Studio 12.0\VC\bin\CL.exe /c /Zi /nologo /W3 /WX- /Od /Oy- /D WIN32 /D _DEBUG /D _WINDOWS /D _MBCS /Gm /EHsc /RTC1 /MTd /GS /fp:precise /Zc:wchar_t /Zc:forScope /Fo"Debug\\" /Fd"Debug\vc120.pdb" /Gd /TP /analyze- /errorReport:prompt RichListDemo.cpp RichListWnd.cpp
         RichListWnd.cpp
         RichListDemo.cpp
         Generating Code...
       ResourceCompile:
         C:\Program Files (x86)\Windows Kits\8.1\bin\x86\rc.exe /l"0x0409" /nologo /fo"Debug\RichListDemo.res" RichListDemo.rc 
       Link:
         Z:\Microsoft Visual Studio 12.0\VC\bin\link.exe /ERRORREPORT:PROMPT /OUT:"D:\[C]Work\GitHub\duilib\bin\RichListDemo_d.exe" /INCREMENTAL:NO /NOLOGO kernel32.lib user32.lib gdi32.lib winspool.lib comdlg32.lib advapi32.lib shell32.lib ole32.lib oleaut32.lib uuid.lib odbc32.lib odbccp32.lib /MANIFEST /MANIFESTUAC:"level='asInvoker' uiAccess='false'" /manifest:embed /DEBUG /PDB:".\Debug\RichListDemo_d.pdb" /SUBSYSTEM:WINDOWS /TLBID:1 /DYNAMICBASE /NXCOMPAT /IMPLIB:"D:\[C]Work\GitHub\duilib\bin\RichListDemo_d.lib" /MACHINE:X86 /SAFESEH Debug\RichListDemo.res
         Debug\RichListDemo.obj
         Debug\RichListWnd.obj
         Debug\stdafx.obj
         "D:\[C]Work\GitHub\duilib\lib\DuiLib_d.lib"
         RichListDemo.vcxproj -> D:\[C]Work\GitHub\duilib\bin\RichListDemo_d.exe
     1>Done Building Project "D:\[C]Work\GitHub\duilib\RichListDemo\RichListDemo.vcxproj" (Rebuild target(s)).

Build succeeded.

Time Elapsed 00:00:08.33
