Build started 10/15/2015 1:01:42 喵喵.
     1>Project "D:\[C]Work\GitHub\duilib\DuiLib\DuiLib.vcxproj" on node 2 (Rebuild target(s)).
     1>ClCompile:
         Z:\Microsoft Visual Studio 12.0\VC\bin\CL.exe /c /Zi /nologo /W3 /WX- /Od /Oy- /D WIN32 /D _DEBUG /D _WINDOWS /D UILIB_EXPORTS /D _VC80_UPGRADE=0x0600 /D _WINDLL /D _MBCS /Gm /EHsc /RTC1 /MTd /GS /fp:precise /Zc:wchar_t /Zc:forScope /Yc"stdafx.h" /Fp".\Build\Debug/DuiLib.pch" /Fo".\Build\Debug\\" /Fd".\Build\Debug\vc120.pdb" /Gd /TP /analyze- /errorReport:prompt StdAfx.cpp
         StdAfx.cpp
         Z:\Microsoft Visual Studio 12.0\VC\bin\CL.exe /c /Zi /nologo /W3 /WX- /Od /Oy- /D WIN32 /D _DEBUG /D _WINDOWS /D UILIB_EXPORTS /D _VC80_UPGRADE=0x0600 /D _WINDLL /D _MBCS /Gm /EHsc /RTC1 /MTd /GS /fp:precise /Zc:wchar_t /Zc:forScope /Yu"stdafx.h" /Fp".\Build\Debug/DuiLib.pch" /Fo".\Build\Debug\\" /Fd".\Build\Debug\vc120.pdb" /Gd /TP /analyze- /errorReport:prompt Control\UIActiveX.cpp Control\UIButton.cpp Control\UICheckBox.cpp Control\UICombo.cpp Control\UIDateTime.cpp Control\UIEdit.cpp Control\UILabel.cpp Control\UIList.cpp Control\UIOption.cpp Control\UIProgress.cpp Control\UIRichEdit.cpp Control\UIScrollBar.cpp Control\UISlider.cpp Control\UIText.cpp Control\UITreeView.cpp Control\UIWebBrowser.cpp Core\UIBase.cpp Core\UIContainer.cpp Core\UIControl.cpp Core\UIDlgBuilder.cpp Core\UIManager.cpp Core\UIMarkup.cpp Core\UIRender.cpp Layout\UIChildLayout.cpp Layout\UIHorizontalLayout.cpp Layout\UITabLayout.cpp Layout\UITileLayout.cpp Layout\UIVerticalLayout.cpp UIlib.cpp Utils\UIDelegate.cpp Utils\Utils.cpp Utils\WinImplBase.cpp
         WinImplBase.cpp
         Utils.cpp
         UIDelegate.cpp
         UIlib.cpp
         UIVerticalLayout.cpp
         UITileLayout.cpp
         UITabLayout.cpp
         UIHorizontalLayout.cpp
         UIChildLayout.cpp
         UIRender.cpp
         UIMarkup.cpp
         UIManager.cpp
         UIDlgBuilder.cpp
         UIControl.cpp
         UIContainer.cpp
         UIBase.cpp
         UIWebBrowser.cpp
         UITreeView.cpp
         UIText.cpp
         UISlider.cpp
         Generating Code...
         Compiling...
         UIScrollBar.cpp
         UIRichEdit.cpp
         UIProgress.cpp
         UIOption.cpp
         UIList.cpp
         UILabel.cpp
         UIEdit.cpp
         UIDateTime.cpp
         UICombo.cpp
         UICheckBox.cpp
         UIButton.cpp
         UIActiveX.cpp
         Generating Code...
         Z:\Microsoft Visual Studio 12.0\VC\bin\CL.exe /c /Zi /nologo /W3 /WX- /Od /Oy- /D WIN32 /D _DEBUG /D _WINDOWS /D UILIB_EXPORTS /D _VC80_UPGRADE=0x0600 /D _WINDLL /D _MBCS /Gm /EHsc /RTC1 /MTd /GS /fp:precise /Zc:wchar_t /Zc:forScope /Fo".\Build\Debug\\" /Fd".\Build\Debug\vc120.pdb" /Gd /TC /analyze- /errorReport:prompt Utils\stb_image.c
         stb_image.c
         Z:\Microsoft Visual Studio 12.0\VC\bin\CL.exe /c /Zi /nologo /W3 /WX- /Od /Oy- /D WIN32 /D _DEBUG /D _WINDOWS /D UILIB_EXPORTS /D _VC80_UPGRADE=0x0600 /D _WINDLL /D _MBCS /Gm /EHsc /RTC1 /MTd /GS /fp:precise /Zc:wchar_t /Zc:forScope /Fo".\Build\Debug\\" /Fd".\Build\Debug\vc120.pdb" /Gd /TP /analyze- /errorReport:prompt Utils\XUnzip.cpp
         XUnzip.cpp
       Link:
         Z:\Microsoft Visual Studio 12.0\VC\bin\link.exe /ERRORREPORT:PROMPT /OUT:"D:\[C]Work\GitHub\duilib\bin\DuiLib_d.dll" /INCREMENTAL:NO /NOLOGO /LIBPATH:.\lib kernel32.lib user32.lib gdi32.lib winspool.lib comdlg32.lib advapi32.lib shell32.lib ole32.lib oleaut32.lib uuid.lib odbc32.lib odbccp32.lib /MANIFEST:NO /DEBUG /PDB:"D:\[C]Work\GitHub\duilib\bin\DuiLib_d.pdb" /TLBID:1 /BASE:"0x11000000" /DYNAMICBASE /NXCOMPAT /IMPLIB:"../lib/DuiLib_d.lib" /MACHINE:X86 /SAFESEH /DLL .\Build\Debug\UIActiveX.obj
         .\Build\Debug\UIButton.obj
         .\Build\Debug\UICheckBox.obj
         .\Build\Debug\UICombo.obj
         .\Build\Debug\UIDateTime.obj
         .\Build\Debug\UIEdit.obj
         .\Build\Debug\UILabel.obj
         .\Build\Debug\UIList.obj
         .\Build\Debug\UIOption.obj
         .\Build\Debug\UIProgress.obj
         .\Build\Debug\UIRichEdit.obj
         .\Build\Debug\UIScrollBar.obj
         .\Build\Debug\UISlider.obj
         .\Build\Debug\UIText.obj
         .\Build\Debug\UITreeView.obj
         .\Build\Debug\UIWebBrowser.obj
         .\Build\Debug\UIBase.obj
         .\Build\Debug\UIContainer.obj
         .\Build\Debug\UIControl.obj
         .\Build\Debug\UIDlgBuilder.obj
         .\Build\Debug\UIManager.obj
         .\Build\Debug\UIMarkup.obj
         .\Build\Debug\UIRender.obj
         .\Build\Debug\UIChildLayout.obj
         .\Build\Debug\UIHorizontalLayout.obj
         .\Build\Debug\UITabLayout.obj
         .\Build\Debug\UITileLayout.obj
         .\Build\Debug\UIVerticalLayout.obj
         .\Build\Debug\StdAfx.obj
         .\Build\Debug\UIlib.obj
         .\Build\Debug\stb_image.obj
         .\Build\Debug\UIDelegate.obj
         .\Build\Debug\Utils.obj
         .\Build\Debug\WinImplBase.obj
         .\Build\Debug\XUnzip.obj
            Creating library ../lib/DuiLib_d.lib and object ../lib/DuiLib_d.exp
         DuiLib.vcxproj -> D:\[C]Work\GitHub\duilib\bin\DuiLib_d.dll
     1>Done Building Project "D:\[C]Work\GitHub\duilib\DuiLib\DuiLib.vcxproj" (Rebuild target(s)).

Build succeeded.

Time Elapsed 00:00:04.22
