Build started 10/15/2015 1:01:47 喵喵.
     1>Project "D:\[C]Work\GitHub\duilib\QQDemo\QQDemo.vcxproj" on node 6 (Rebuild target(s)).
     1>ClCompile:
         Z:\Microsoft Visual Studio 12.0\VC\bin\CL.exe /c /Zi /nologo /W3 /WX- /Od /Oy- /D WIN32 /D _DEBUG /D _WINDOWS /D _VC80_UPGRADE=0x0600 /D _MBCS /Gm /EHsc /RTC1 /MTd /GS /fp:precise /Zc:wchar_t /Zc:forScope /Fo".\Debug/" /Fd".\Debug/vc120.pdb" /FR".\Debug\\" /Gd /TP /analyze- /errorReport:prompt ..\DuiLib\Utils\XUnzip.cpp chat_dialog.cpp ColorPicker.cpp color_skin.cpp debug.cpp main.cpp main_frame.cpp StdAfx.cpp UIFriends.cpp UIGroups.cpp UIListCommonDefine.cpp UIMicroBlog.cpp
         UIMicroBlog.cpp
         UIListCommonDefine.cpp
         UIGroups.cpp
         UIFriends.cpp
         StdAfx.cpp
         main_frame.cpp
         main.cpp
         debug.cpp
     1>debug.cpp(97): warning C4996: 'GetVersionExA': was declared deprecated
                 C:\Program Files (x86)\Windows Kits\8.1\Include\um\sysinfoapi.h(433) : see declaration of 'GetVersionExA'
         color_skin.cpp
         ColorPicker.cpp
         chat_dialog.cpp
         XUnzip.cpp
         Generating Code...
       ResourceCompile:
         C:\Program Files (x86)\Windows Kits\8.1\bin\x86\rc.exe /D _DEBUG /D _VC80_UPGRADE=0x0600 /l"0x0406" /nologo /fo".\Debug\QQDemo.res" QQDemo.rc 
       Link:
         Z:\Microsoft Visual Studio 12.0\VC\bin\link.exe /ERRORREPORT:PROMPT /OUT:"D:\[C]Work\GitHub\duilib\bin\QQDemo_d.exe" /INCREMENTAL:NO /NOLOGO kernel32.lib user32.lib gdi32.lib winspool.lib comdlg32.lib advapi32.lib shell32.lib ole32.lib oleaut32.lib uuid.lib odbc32.lib odbccp32.lib /MANIFEST /MANIFESTUAC:"level='asInvoker' uiAccess='false'" /manifest:embed /DEBUG /PDB:".\Debug/QQDemo.pdb" /MAP:".\Debug/QQDemo.map" /SUBSYSTEM:WINDOWS /TLBID:1 /DYNAMICBASE /NXCOMPAT /IMPLIB:"D:\[C]Work\GitHub\duilib\bin\QQDemo_d.lib" /MACHINE:X86 /SAFESEH .\Debug\QQDemo.res
         .\Debug/XUnzip.obj
         .\Debug/chat_dialog.obj
         .\Debug/ColorPicker.obj
         .\Debug/color_skin.obj
         .\Debug/debug.obj
         .\Debug/main.obj
         .\Debug/main_frame.obj
         .\Debug/StdAfx.obj
         .\Debug/UIFriends.obj
         .\Debug/UIGroups.obj
         .\Debug/UIListCommonDefine.obj
         .\Debug/UIMicroBlog.obj
         "D:\[C]Work\GitHub\duilib\lib\DuiLib_d.lib"
         QQDemo.vcxproj -> D:\[C]Work\GitHub\duilib\bin\QQDemo_d.exe
       BscMake:
         Z:\Microsoft Visual Studio 12.0\VC\bin\bscmake.exe /nologo /o".\Debug/QQDemo.bsc" .\Debug\XUnzip.sbr .\Debug\chat_dialog.sbr .\Debug\ColorPicker.sbr .\Debug\color_skin.sbr .\Debug\debug.sbr .\Debug\main.sbr .\Debug\main_frame.sbr .\Debug\StdAfx.sbr .\Debug\UIFriends.sbr .\Debug\UIGroups.sbr .\Debug\UIListCommonDefine.sbr .\Debug\UIMicroBlog.sbr
     1>c:\program files (x86)\windows kits\8.1\include\um\mshtml.h(37492): warning BK4504: file contains too many references; ignoring further references from this source
     1>Done Building Project "D:\[C]Work\GitHub\duilib\QQDemo\QQDemo.vcxproj" (Rebuild target(s)).

Build succeeded.

Time Elapsed 00:00:19.15
