d:\[c]work\github\duilib\qqdemo\debug\chat_dialog.obj
d:\[c]work\github\duilib\qqdemo\debug\colorpicker.obj
d:\[c]work\github\duilib\qqdemo\debug\color_skin.obj
d:\[c]work\github\duilib\qqdemo\debug\debug.obj
d:\[c]work\github\duilib\qqdemo\debug\main.obj
d:\[c]work\github\duilib\qqdemo\debug\main_frame.obj
d:\[c]work\github\duilib\qqdemo\debug\stdafx.obj
d:\[c]work\github\duilib\qqdemo\debug\uifriends.obj
d:\[c]work\github\duilib\qqdemo\debug\uigroups.obj
d:\[c]work\github\duilib\qqdemo\debug\uilistcommondefine.obj
d:\[c]work\github\duilib\qqdemo\debug\uimicroblog.obj
d:\[c]work\github\duilib\qqdemo\debug\xunzip.obj
d:\[c]work\github\duilib\qqdemo\debug\vc120.idb
d:\[c]work\github\duilib\qqdemo\debug\qqdemo.pdb
d:\[c]work\github\duilib\qqdemo\debug\vc120.pdb
d:\[c]work\github\duilib\qqdemo\debug\qqdemo.bsc
d:\[c]work\github\duilib\qqdemo\debug\chat_dialog.sbr
d:\[c]work\github\duilib\qqdemo\debug\colorpicker.sbr
d:\[c]work\github\duilib\qqdemo\debug\color_skin.sbr
d:\[c]work\github\duilib\qqdemo\debug\debug.sbr
d:\[c]work\github\duilib\qqdemo\debug\main.sbr
d:\[c]work\github\duilib\qqdemo\debug\main_frame.sbr
d:\[c]work\github\duilib\qqdemo\debug\stdafx.sbr
d:\[c]work\github\duilib\qqdemo\debug\uifriends.sbr
d:\[c]work\github\duilib\qqdemo\debug\uigroups.sbr
d:\[c]work\github\duilib\qqdemo\debug\uilistcommondefine.sbr
d:\[c]work\github\duilib\qqdemo\debug\uimicroblog.sbr
d:\[c]work\github\duilib\qqdemo\debug\xunzip.sbr
