Build started 10/15/2015 1:01:47 喵喵.
     1>Project "D:\[C]Work\GitHub\duilib\ListDemo\ListDemo.vcxproj" on node 4 (Rebuild target(s)).
     1>ClCompile:
         Z:\Microsoft Visual Studio 12.0\VC\bin\CL.exe /c /Zi /nologo /W3 /WX- /Od /Oy- /D WIN32 /D _DEBUG /D _WINDOWS /D _VC80_UPGRADE=0x0600 /D _MBCS /Gm /EHsc /RTC1 /MTd /GS /fp:precise /Zc:wchar_t /Zc:forScope /Fo".\Debug/" /Fd".\Debug/vc120.pdb" /FR".\Debug\\" /Gd /TP /analyze- /errorReport:prompt Main.cpp
         Main.cpp
     1>Main.cpp(161): warning C4996: 'sprintf': This function or variable may be unsafe. Consider using sprintf_s instead. To disable deprecation, use _CRT_SECURE_NO_WARNINGS. See online help for details.
                 Z:\Microsoft Visual Studio 12.0\VC\include\stdio.h(356) : see declaration of 'sprintf'
     1>Main.cpp(173): warning C4996: 'sprintf': This function or variable may be unsafe. Consider using sprintf_s instead. To disable deprecation, use _CRT_SECURE_NO_WARNINGS. See online help for details.
                 Z:\Microsoft Visual Studio 12.0\VC\include\stdio.h(356) : see declaration of 'sprintf'
     1>Main.cpp(187): warning C4996: 'sprintf': This function or variable may be unsafe. Consider using sprintf_s instead. To disable deprecation, use _CRT_SECURE_NO_WARNINGS. See online help for details.
                 Z:\Microsoft Visual Studio 12.0\VC\include\stdio.h(356) : see declaration of 'sprintf'
       Link:
         Z:\Microsoft Visual Studio 12.0\VC\bin\link.exe /ERRORREPORT:PROMPT /OUT:"D:\[C]Work\GitHub\duilib\bin\ListDemo_d.exe" /INCREMENTAL:NO /NOLOGO kernel32.lib user32.lib gdi32.lib winspool.lib comdlg32.lib advapi32.lib shell32.lib ole32.lib oleaut32.lib uuid.lib odbc32.lib odbccp32.lib /MANIFEST /MANIFESTUAC:"level='asInvoker' uiAccess='false'" /manifest:embed /DEBUG /PDB:".\Debug/ListDemo.pdb" /MAP:".\Debug/ListDemo.map" /SUBSYSTEM:WINDOWS /TLBID:1 /DYNAMICBASE /NXCOMPAT /IMPLIB:"D:\[C]Work\GitHub\duilib\bin\ListDemo_d.lib" /MACHINE:X86 /SAFESEH .\Debug/Main.obj
         "D:\[C]Work\GitHub\duilib\lib\DuiLib_d.lib"
         ListDemo.vcxproj -> D:\[C]Work\GitHub\duilib\bin\ListDemo_d.exe
       BscMake:
         Z:\Microsoft Visual Studio 12.0\VC\bin\bscmake.exe /nologo /o".\Debug/ListDemo.bsc" .\Debug\Main.sbr
     1>Done Building Project "D:\[C]Work\GitHub\duilib\ListDemo\ListDemo.vcxproj" (Rebuild target(s)).

Build succeeded.

Time Elapsed 00:00:08.92
