d:\[c]work\github\duilib\360safedemo\debug\360safe.bsc
d:\[c]work\github\duilib\360safedemo\debug\vc120.pdb
d:\[c]work\github\duilib\360safedemo\debug\vc120.idb
d:\[c]work\github\duilib\360safedemo\debug\stdafx.sbr
d:\[c]work\github\duilib\360safedemo\debug\stdafx.obj
d:\[c]work\github\duilib\bin\360safe_d.exe
d:\[c]work\github\duilib\360safedemo\debug\360safe.map
d:\[c]work\github\duilib\360safedemo\debug\360safe.pdb
d:\[c]work\github\duilib\360safedemo\debug\360safe.obj
d:\[c]work\github\duilib\360safedemo\debug\360safe.pch
d:\[c]work\github\duilib\360safedemo\debug\360safe.sbr
d:\[c]work\github\duilib\360safedemo\debug\360safe.tlog\bscmake.command.1.tlog
d:\[c]work\github\duilib\360safedemo\debug\360safe.tlog\bscmake.read.1.tlog
d:\[c]work\github\duilib\360safedemo\debug\360safe.tlog\bscmake.write.1.tlog
d:\[c]work\github\duilib\360safedemo\debug\360safe.tlog\cl.command.1.tlog
d:\[c]work\github\duilib\360safedemo\debug\360safe.tlog\cl.read.1.tlog
d:\[c]work\github\duilib\360safedemo\debug\360safe.tlog\cl.write.1.tlog
d:\[c]work\github\duilib\360safedemo\debug\360safe.tlog\link.command.1.tlog
d:\[c]work\github\duilib\360safedemo\debug\360safe.tlog\link.read.1.tlog
d:\[c]work\github\duilib\360safedemo\debug\360safe.tlog\link.write.1.tlog
